Retrieving data...
Saving data into a raw file..
Processing data....
Saving processed data into a processed file...
The current temperature is 23.24°C
Checking for threshold...
waiting...
Retrieving data...
Saving data into a raw file..
Processing data....
Saving processed data into a processed file...
The current temperature is 23.24°C
Checking for threshold...
waiting...
Retrieving data...
Saving data into a raw file..
Processing data....
Saving processed data into a processed file...
The current temperature is 23.24°C
Checking for threshold...
waiting...
Retrieving data...
Saving data into a raw file..
Processing data....
Saving processed data into a processed file...
The current temperature is 23.24°C
Checking for threshold...
waiting...
Retrieving data...
Saving data into a raw file..
Processing data....
Saving processed data into a processed file...
The current temperature is 23.24°C
Checking for threshold...
waiting...
Retrieving data...
Saving data into a raw file..
Processing data....
Saving processed data into a processed file...
The current temperature is 23.24°C
Checking for threshold...
waiting...
Retrieving data...
Saving data into a raw file..
Processing data....
Saving processed data into a processed file...
The current temperature is 23.24°C
Checking for threshold...
waiting...
Retrieving data...
Saving data into a raw file..
Processing data....
Saving processed data into a processed file...
The current temperature is 23.24°C
Checking for threshold...
waiting...
Retrieving data...
Saving data into a raw file..
Processing data....
Saving processed data into a processed file...
The current temperature is 23.24°C
Checking for threshold...
waiting...
